# JRE version: Java(TM) SE Runtime Environment (25.0.2+10) (build 25.0.2+10-LTS-69)
# Java VM: Java HotSpot(TM) 64-Bit Server VM (25.0.2+10-LTS-69, mixed mode, sharing, tiered, compressed oops, compressed class ptrs, g1 gc, windows-amd64)
GC Precious Log:
 CardTable entry size: 512
 Card Set container configuration: InlinePtr #cards 5 size 8 Array Of Cards #cards 10 size 36 Howl #buckets 4 coarsen threshold 1843 Howl Bitmap #cards 512 size 80 coarsen threshold 460 Card regions per heap region 1 cards per card region 2048
 CPUs: 12 total, 12 available
 Memory: 7876M
 Large Page Support: Disabled
 NUMA Support: Disabled
 Compressed Oops: Enabled (32-bit)
 Heap Region Size: 1M
 Heap Min Capacity: 8M
 Heap Initial Capacity: 124M
 Heap Max Capacity: 1970M
 Pre-touch: Disabled
 Parallel Workers: 10
 Concurrent Workers: 3
 Concurrent Refinement Workers: 10
 Periodic GC: Disabled
Heap:
 garbage-first heap   total reserved 2017280K, committed 126976K, used 62923K [0x0000000084e00000, 0x0000000100000000)
  region size 1024K, 6 young (6144K), 6 survivors (6144K)
GC Heap Usage History (20 events):
Event: 9.603 {heap Before GC invocations=3 (full 0):
 garbage-first heap   total reserved 2017280K, committed 129024K, used 127480K [0x0000000084e00000, 0x0000000100000000)
  region size 1024K, 74 young (75776K), 3 survivors (3072K)
}
Event: 9.616 {heap After GC invocations=4 (full 0):
 garbage-first heap   total reserved 2017280K, committed 136192K, used 25300K [0x0000000084e00000, 0x0000000100000000)
  region size 1024K, 7 young (7168K), 7 survivors (7168K)
}
Event: 9.784 {heap Before GC invocations=4 (full 0):
 garbage-first heap   total reserved 2017280K, committed 136192K, used 30420K [0x0000000084e00000, 0x0000000100000000)
  region size 1024K, 13 young (13312K), 7 survivors (7168K)
}
Event: 9.798 {heap After GC invocations=5 (full 0):
 garbage-first heap   total reserved 2017280K, committed 136192K, used 25670K [0x0000000084e00000, 0x0000000100000000)
  region size 1024K, 8 young (8192K), 8 survivors (8192K)
}
Event: 11.509 {heap Before GC invocations=6 (full 0):
 garbage-first heap   total reserved 2017280K, committed 92160K, used 72774K [0x0000000084e00000, 0x0000000100000000)
  region size 1024K, 54 young (55296K), 8 survivors (8192K)
}
Event: 11.546 {heap After GC invocations=7 (full 0):
 garbage-first heap   total reserved 2017280K, committed 95232K, used 38502K [0x0000000084e00000, 0x0000000100000000)
  region size 1024K, 7 young (7168K), 7 survivors (7168K)
}
Event: 12.373 {heap Before GC invocations=7 (full 0):
 garbage-first heap   total reserved 2017280K, committed 95232K, used 64102K [0x0000000084e00000, 0x0000000100000000)
  region size 1024K, 32 young (32768K), 7 survivors (7168K)
}
Event: 12.407 {heap After GC invocations=8 (full 0):
 garbage-first heap   total reserved 2017280K, committed 95232K, used 44626K [0x0000000084e00000, 0x0000000100000000)
  region size 1024K, 4 young (4096K), 4 survivors (4096K)
}
Event: 12.956 {heap Before GC invocations=8 (full 0):
 garbage-first heap   total reserved 2017280K, committed 95232K, used 69202K [0x0000000084e00000, 0x0000000100000000)
  region size 1024K, 28 young (28672K), 4 survivors (4096K)
}
Event: 12.989 {heap After GC invocations=9 (full 0):
 garbage-first heap   total reserved 2017280K, committed 95232K, used 48210K [0x0000000084e00000, 0x0000000100000000)
  region size 1024K, 3 young (3072K), 3 survivors (3072K)
}
Event: 13.599 {heap Before GC invocations=9 (full 0):
 garbage-first heap   total reserved 2017280K, committed 95232K, used 72786K [0x0000000084e00000, 0x0000000100000000)
  region size 1024K, 27 young (27648K), 3 survivors (3072K)
}
Event: 13.642 {heap After GC invocations=10 (full 0):
 garbage-first heap   total reserved 2017280K, committed 122880K, used 52458K [0x0000000084e00000, 0x0000000100000000)
  region size 1024K, 4 young (4096K), 4 survivors (4096K)
}
Event: 15.729 {heap Before GC invocations=11 (full 0):
 garbage-first heap   total reserved 2017280K, committed 122880K, used 90346K [0x0000000084e00000, 0x0000000100000000)
  region size 1024K, 42 young (43008K), 4 survivors (4096K)
}
Event: 15.751 {heap After GC invocations=12 (full 0):
 garbage-first heap   total reserved 2017280K, committed 122880K, used 53832K [0x0000000084e00000, 0x0000000100000000)
  region size 1024K, 2 young (2048K), 2 survivors (2048K)
}
Event: 16.853 {heap Before GC invocations=12 (full 0):
 garbage-first heap   total reserved 2017280K, committed 122880K, used 95816K [0x0000000084e00000, 0x0000000100000000)
  region size 1024K, 43 young (44032K), 2 survivors (2048K)
}
Event: 16.866 {heap After GC invocations=13 (full 0):
 garbage-first heap   total reserved 2017280K, committed 122880K, used 54758K [0x0000000084e00000, 0x0000000100000000)
  region size 1024K, 3 young (3072K), 3 survivors (3072K)
}
Event: 18.078 {heap Before GC invocations=13 (full 0):
 garbage-first heap   total reserved 2017280K, committed 122880K, used 98790K [0x0000000084e00000, 0x0000000100000000)
  region size 1024K, 46 young (47104K), 3 survivors (3072K)
}
Event: 18.107 {heap After GC invocations=14 (full 0):
 garbage-first heap   total reserved 2017280K, committed 122880K, used 58041K [0x0000000084e00000, 0x0000000100000000)
  region size 1024K, 6 young (6144K), 6 survivors (6144K)
}
Event: 18.855 {heap Before GC invocations=14 (full 0):
 garbage-first heap   total reserved 2017280K, committed 122880K, used 102073K [0x0000000084e00000, 0x0000000100000000)
  region size 1024K, 49 young (50176K), 6 survivors (6144K)
}
Event: 18.897 {heap After GC invocations=15 (full 0):
 garbage-first heap   total reserved 2017280K, committed 122880K, used 60598K [0x0000000084e00000, 0x0000000100000000)
  region size 1024K, 6 young (6144K), 6 survivors (6144K)
}

